    0.000000000000000        0.1353953975297735        8.7569895936135594E-002
 dt,beta=     1.000000000000000        5.0265439999999991E-003
 amp,vpp,yd0 =    1.0000000000000000E-003    0.000000000000000      
    0.000000000000000     
 peritr,ifluid=             0            1
 tor,nonlin=     1.000000000000000                 1            1
 isuni=             0 amie=     1800.000000000000     
 kxcut,kycut,bcut=     1.000000000000000        0.7709539383373408      
    3000.000000000000     
 fradi,isg=     1.000000000000000         1.000000000000000     
 llk,mlk,onemd =            0            1            0
 vcut=     15.00000000000000     
 rneu=    3.0000000000000001E-003
 V-ExB switch=     0.000000000000000     
 V-parallel switch=     0.000000000000000     
 mm1=      33554432
 pzcrite,encrit =     22.39743121199692        0.2118657288313522     
 nue0 =     1.000000000000000         1.000000000000000      
    1.000000000000000     
 xn0e(1),xnir0 =     1.018868188618232         0.000000000000000     
 frequ, eru =     191616766.4670658         0.000000000000000     
 lxa,lymult,delra,r0a,rina,routa=   0.3000000000000000      
    8.000000000000000        5.0000000000000003E-002   0.8000000000000000      
   0.6500000000000000        0.9500000000000001     
 a,r0,rmaj0,q0,lx,ly,lz=    361.4628024742819         289.1702419794255      
    1069.645745105227        -2.303067529999999         108.4388407422846      
    98.61359860335340         15478.41578965041     
 t0,kyrhoi_local=    1.251898588689025        0.1008190576420957     
 coefu =     500.0000000000000     
 ktheta*rhos =    9.2741350692823174E-002
 cs/a, q0, q0p, s^hat =    2.0134309889910870E-003   -2.303067529999999      
  -1.4156596377200122E-002    1.777484310240794     
 rho* = rhos/a =    4.0268619779821749E-003
 f0p,psip(nr/2),Bunit,candyf0p =     0.000000000000000      
   -222.9651146348715         1.775783401235442         0.000000000000000     
 lxa min =    2.4427979768942475E-002
 t0i(nr/2)=     1.251898588689025     
 Gyrokrs =    5.2225598363123266E-002
        0.0   0.359E-03   0.113E-08   0.000E+00   0.000E+00   0.000E+00   0.000E+00   0.000E+00   0.000E+00   0.000E+00   0.667E-02   0.242E+01   0.242E+01
        3.0   0.360E-03   0.763E-08   0.327E-09   0.575E-09   0.304E-09   0.589E-09   0.148E-03   0.000E+00   0.468E-05   0.183E+00   0.242E+01   0.243E+01
 right caculation
 total_tm    2.329851853374976      push_tm   0.5356497892544212      
 initpmove_tm   0.2279640353735886      pmove_tm   0.1837556418704480      
 grid1_tm   3.4236976123793283E-002 poisson_tm   5.0870848125214252E-002 
 ampere_tm   0.3464121923743733      dpdt_tm   4.8719192373027909E-002 split_tm
    0.2787416972487335     
